#
# There is insufficient memory for the Java Runtime Environment to continue.
# Native memory allocation (malloc) failed to allocate 32744 bytes. Error detail: Chunk::new
# Possible reasons:
#   The system is out of physical RAM or swap space
#   This process is running with CompressedOops enabled, and the Java Heap may be blocking the growth of the native heap
# Possible solutions:
#   Reduce memory load on the system
#   Increase physical memory or swap space
#   Check if swap backing store is full
#   Decrease Java heap size (-Xmx/-Xms)
#   Decrease number of Java threads
#   Decrease Java thread stack sizes (-Xss)
#   Set larger code cache with -XX:ReservedCodeCacheSize=
#   JVM is running with Unscaled Compressed Oops mode in which the Java heap is
#     placed in the first 4GB address space. The Java Heap base address is the
#     maximum limit for the native heap growth. Please use -XX:HeapBaseMinAddress
#     to set the Java Heap base and to place the Java Heap above 4GB virtual address.
# This output file may be truncated or incomplete.
#
#  Out of Memory Error (arena.cpp:168), pid=3916, tid=12164
#
# JRE version: OpenJDK Runtime Environment JBR-21.0.7+9-631.52-jcef (21.0.7+9) (build 21.0.7+9-b631.52)
# Java VM: OpenJDK 64-Bit Server VM JBR-21.0.7+9-631.52-jcef (21.0.7+9-b631.52, mixed mode, sharing, tiered, compressed oops, compressed class ptrs, g1 gc, windows-amd64)
# No core dump will be written. Minidumps are not enabled by default on client versions of Windows
#

---------------  S U M M A R Y ------------

Command Line: -Djava.rmi.server.hostname=127.0.0.1 -Duser.timezone=UTC -Djava.library.path=C:\Users\Admin\AppData\Roaming\JetBrains\IntelliJIdea2024.3\jdbc-drivers\SQL Server\13.2.1\com\microsoft\sqlserver\mssql-jdbc_auth\13.2.1.x86;C:\Users\Admin\AppData\Roaming\JetBrains\IntelliJIdea2024.3\jdbc-drivers\SQL Server\13.2.1\com\microsoft\sqlserver\mssql-jdbc_auth\13.2.1.x64 -Xmx2048m -Xms128m -Djdbc.classpath=C:\Users\Admin\AppData\Local\Temp\RemoteDriver.classpath.txt --add-exports=java.desktop/sun.awt=ALL-UNNAMED --add-exports=java.desktop/java.awt.peer=ALL-UNNAMED --add-opens=java.desktop/java.awt=ALL-UNNAMED --add-opens=jdk.unsupported/sun.misc=ALL-UNNAMED --add-opens=java.base/java.nio=ALL-UNNAMED --add-opens=java.base/java.util=ALL-UNNAMED -Dfile.encoding=UTF-8 -Dsun.stdout.encoding=UTF-8 -Dsun.stderr.encoding=UTF-8 com.intellij.database.remote.RemoteJdbcServer com.microsoft.sqlserver.jdbc.SQLServerDriver

Host: 11th Gen Intel(R) Core(TM) i5-1135G7 @ 2.40GHz, 8 cores, 7G,  Windows 11 , 64 bit Build 26100 (10.0.26100.8328)
Time: Wed Jun 10 10:04:15 2026 SE Asia Standard Time elapsed time: 519.656181 seconds (0d 0h 8m 39s)

---------------  T H R E A D  ---------------

Current thread (0x00000262262997c0):  JavaThread "C2 CompilerThread0" daemon [_thread_in_native, id=12164, stack(0x000000add1a00000,0x000000add1b00000) (1024K)]


Current CompileTask:
C2:519656 3168   !   4       java.io.BufferedOutputStream::flush (60 bytes)

Stack: [0x000000add1a00000,0x000000add1b00000]
Native frames: (J=compiled Java code, j=interpreted, Vv=VM code, C=native code)
V  [jvm.dll+0x6e5fb9]
V  [jvm.dll+0x8c4253]
V  [jvm.dll+0x8c67ae]
V  [jvm.dll+0x8c6e93]
V  [jvm.dll+0x289166]
V  [jvm.dll+0xc675d]
V  [jvm.dll+0xc6c93]
V  [jvm.dll+0xc6885]
V  [jvm.dll+0x6c079c]
V  [jvm.dll+0x60db8b]
V  [jvm.dll+0x60cd88]
V  [jvm.dll+0x259a22]
V  [jvm.dll+0x251ee4]
V  [jvm.dll+0x24fdde]
V  [jvm.dll+0x1cd734]
V  [jvm.dll+0x25f76c]
V  [jvm.dll+0x25dcb6]
V  [jvm.dll+0x3ff946]
V  [jvm.dll+0x86be78]
V  [jvm.dll+0x6e477d]
C  [ucrtbase.dll+0x37b0]
C  [KERNEL32.DLL+0x2e957]
C  [ntdll.dll+0x427c]


---------------  P R O C E S S  ---------------

Threads class SMR info:
_java_thread_list=0x000002626d40f730, length=19, elements={
0x000002620dd7f920, 0x000002622628b8b0, 0x000002622628e710, 0x0000026226292bb0,
0x0000026226293860, 0x00000262262942b0, 0x0000026226295d10, 0x00000262262997c0,
0x00000262262a59d0, 0x000002622652f650, 0x0000026226531d80, 0x0000026226914a10,
0x0000026226a24890, 0x0000026226a24ef0, 0x0000026226a25550, 0x0000026226a752d0,
0x0000026226a5d2b0, 0x0000026226a5e520, 0x0000026226a5f8f0
}

Java Threads: ( => current thread )
  0x000002620dd7f920 JavaThread "main"                              [_thread_blocked, id=5288, stack(0x000000add0c00000,0x000000add0d00000) (1024K)]
  0x000002622628b8b0 JavaThread "Reference Handler"          daemon [_thread_blocked, id=9788, stack(0x000000add1400000,0x000000add1500000) (1024K)]
  0x000002622628e710 JavaThread "Finalizer"                  daemon [_thread_blocked, id=1332, stack(0x000000add1500000,0x000000add1600000) (1024K)]
  0x0000026226292bb0 JavaThread "Signal Dispatcher"          daemon [_thread_blocked, id=7460, stack(0x000000add1600000,0x000000add1700000) (1024K)]
  0x0000026226293860 JavaThread "Attach Listener"            daemon [_thread_blocked, id=1736, stack(0x000000add1700000,0x000000add1800000) (1024K)]
  0x00000262262942b0 JavaThread "Service Thread"             daemon [_thread_blocked, id=10792, stack(0x000000add1800000,0x000000add1900000) (1024K)]
  0x0000026226295d10 JavaThread "Monitor Deflation Thread"   daemon [_thread_blocked, id=2872, stack(0x000000add1900000,0x000000add1a00000) (1024K)]
=>0x00000262262997c0 JavaThread "C2 CompilerThread0"         daemon [_thread_in_native, id=12164, stack(0x000000add1a00000,0x000000add1b00000) (1024K)]
  0x00000262262a59d0 JavaThread "C1 CompilerThread0"         daemon [_thread_blocked, id=10616, stack(0x000000add1b00000,0x000000add1c00000) (1024K)]
  0x000002622652f650 JavaThread "Common-Cleaner"             daemon [_thread_blocked, id=7312, stack(0x000000add1c00000,0x000000add1d00000) (1024K)]
  0x0000026226531d80 JavaThread "Notification Thread"        daemon [_thread_blocked, id=9700, stack(0x000000add1d00000,0x000000add1e00000) (1024K)]
  0x0000026226914a10 JavaThread "RMI TCP Accept-62011"       daemon [_thread_in_native, id=12140, stack(0x000000add1f00000,0x000000add2000000) (1024K)]
  0x0000026226a24890 JavaThread "RMI TCP Accept-0"           daemon [_thread_in_native, id=7468, stack(0x000000add2000000,0x000000add2100000) (1024K)]
  0x0000026226a24ef0 JavaThread "RMI Reaper"                        [_thread_blocked, id=5132, stack(0x000000add2100000,0x000000add2200000) (1024K)]
  0x0000026226a25550 JavaThread "RMI GC Daemon"              daemon [_thread_blocked, id=3156, stack(0x000000add2200000,0x000000add2300000) (1024K)]
  0x0000026226a752d0 JavaThread "RMI TCP Connection(2)-127.0.0.1" daemon [_thread_in_native, id=2804, stack(0x000000add2300000,0x000000add2400000) (1024K)]
  0x0000026226a5d2b0 JavaThread "RMI Scheduler(0)"           daemon [_thread_blocked, id=2220, stack(0x000000add2500000,0x000000add2600000) (1024K)]
  0x0000026226a5e520 JavaThread "RMI TCP Connection(3)-127.0.0.1" daemon [_thread_in_native, id=12336, stack(0x000000add2600000,0x000000add2700000) (1024K)]
  0x0000026226a5f8f0 JavaThread "RMI RenewClean-[127.0.0.1:53197]" daemon [_thread_blocked, id=12972, stack(0x000000add1e00000,0x000000add1f00000) (1024K)]
Total: 19

Other Threads:
  0x0000026226268170 VMThread "VM Thread"                           [id=2580, stack(0x000000add1300000,0x000000add1400000) (1024K)]
  0x0000026226259e40 WatcherThread "VM Periodic Task Thread"        [id=11300, stack(0x000000add1200000,0x000000add1300000) (1024K)]
  0x000002620ddd6820 WorkerThread "GC Thread#0"                     [id=12136, stack(0x000000add0d00000,0x000000add0e00000) (1024K)]
  0x00000262268faaa0 WorkerThread "GC Thread#1"                     [id=4196, stack(0x000000add2800000,0x000000add2900000) (1024K)]
  0x0000026226947e10 WorkerThread "GC Thread#2"                     [id=2748, stack(0x000000add2900000,0x000000add2a00000) (1024K)]
  0x0000026226aedea0 WorkerThread "GC Thread#3"                     [id=4352, stack(0x000000add2a00000,0x000000add2b00000) (1024K)]
  0x0000026226789a50 WorkerThread "GC Thread#4"                     [id=3040, stack(0x000000add2b00000,0x000000add2c00000) (1024K)]
  0x000002622678a200 WorkerThread "GC Thread#5"                     [id=7664, stack(0x000000add2c00000,0x000000add2d00000) (1024K)]
  0x000002622678b5c0 WorkerThread "GC Thread#6"                     [id=4132, stack(0x000000add2d00000,0x000000add2e00000) (1024K)]
  0x00000262267a8fe0 WorkerThread "GC Thread#7"                     [id=4816, stack(0x000000add2e00000,0x000000add2f00000) (1024K)]
  0x000002620dde7710 ConcurrentGCThread "G1 Main Marker"            [id=10944, stack(0x000000add0e00000,0x000000add0f00000) (1024K)]
  0x000002620dde8120 WorkerThread "G1 Conc#0"                       [id=11184, stack(0x000000add0f00000,0x000000add1000000) (1024K)]
  0x000002622611f160 ConcurrentGCThread "G1 Refine#0"               [id=2472, stack(0x000000add1000000,0x000000add1100000) (1024K)]
  0x0000026226120990 ConcurrentGCThread "G1 Service"                [id=1816, stack(0x000000add1100000,0x000000add1200000) (1024K)]
Total: 14

Threads with active compile tasks:
C2 CompilerThread0  519699 3168   !   4       java.io.BufferedOutputStream::flush (60 bytes)
Total: 1

VM state: not at safepoint (normal execution)

VM Mutex/Monitor currently owned by a thread: None

Heap address: 0x0000000080000000, size: 2048 MB, Compressed Oops mode: 32-bit

CDS archive(s) mapped at: [0x0000026227000000-0x0000026227d00000-0x0000026227d00000), size 13631488, SharedBaseAddress: 0x0000026227000000, ArchiveRelocationMode: 1.
Compressed class space mapped at: 0x0000026228000000-0x0000026268000000, reserved size: 1073741824
Narrow klass base: 0x0000026227000000, Narrow klass shift: 0, Narrow klass range: 0x100000000

GC Precious Log:
 CardTable entry size: 512
 Card Set container configuration: InlinePtr #cards 5 size 8 Array Of Cards #cards 12 size 40 Howl #buckets 4 coarsen threshold 1843 Howl Bitmap #cards 512 size 80 coarsen threshold 460 Card regions per heap region 1 cards per card region 2048
 CPUs: 8 total, 8 available
 Memory: 7934M
 Large Page Support: Disabled
 NUMA Support: Disabled
 Compressed Oops: Enabled (32-bit)
 Heap Region Size: 1M
 Heap Min Capacity: 128M
 Heap Initial Capacity: 128M
 Heap Max Capacity: 2G
 Pre-touch: Disabled
 Parallel Workers: 8
 Concurrent Workers: 2
 Concurrent Refinement Workers: 8
 Periodic GC: Disabled

Heap:
 garbage-first heap   total 131072K, used 42682K [0x0000000080000000, 0x0000000100000000)
  region size 1024K, 34 young (34816K), 4 survivors (4096K)
 Metaspace       used 18412K, committed 18816K, reserved 1114112K
  class space    used 1989K, committed 2176K, reserved 1048576K

Heap Regions: E=young(eden), S=young(survivor), O=old, HS=humongous(starts), HC=humongous(continues), CS=collection set, F=free, TAMS=top-at-mark-start, PB=parsable bottom
|   0|0x0000000080000000, 0x0000000080100000, 0x0000000080100000|100%|HS|  |TAMS 0x0000000080000000| PB 0x0000000080000000| Complete 
|   1|0x0000000080100000, 0x0000000080200000, 0x0000000080200000|100%|HC|  |TAMS 0x0000000080100000| PB 0x0000000080100000| Complete 
|   2|0x0000000080200000, 0x0000000080300000, 0x0000000080300000|100%|HS|  |TAMS 0x0000000080200000| PB 0x0000000080200000| Complete 
|   3|0x0000000080300000, 0x0000000080400000, 0x0000000080400000|100%|HS|  |TAMS 0x0000000080300000| PB 0x0000000080300000| Complete 
|   4|0x0000000080400000, 0x0000000080500000, 0x0000000080500000|100%| O|  |TAMS 0x0000000080400000| PB 0x0000000080400000| Untracked 
|   5|0x0000000080500000, 0x0000000080600000, 0x0000000080600000|100%| O|  |TAMS 0x0000000080500000| PB 0x0000000080500000| Untracked 
|   6|0x0000000080600000, 0x0000000080700000, 0x0000000080700000|100%| O|  |TAMS 0x0000000080600000| PB 0x0000000080600000| Untracked 
|   7|0x0000000080700000, 0x0000000080800000, 0x0000000080800000|100%| O|  |TAMS 0x0000000080700000| PB 0x0000000080700000| Untracked 
|   8|0x0000000080800000, 0x0000000080900000, 0x0000000080900000|100%| O|  |TAMS 0x0000000080800000| PB 0x0000000080800000| Untracked 
|   9|0x0000000080900000, 0x00000000809944d0, 0x0000000080a00000| 57%| O|  |TAMS 0x0000000080900000| PB 0x0000000080900000| Untracked 
|  10|0x0000000080a00000, 0x0000000080a00000, 0x0000000080b00000|  0%| F|  |TAMS 0x0000000080a00000| PB 0x0000000080a00000| Untracked 
|  11|0x0000000080b00000, 0x0000000080b00000, 0x0000000080c00000|  0%| F|  |TAMS 0x0000000080b00000| PB 0x0000000080b00000| Untracked 
|  12|0x0000000080c00000, 0x0000000080c00000, 0x0000000080d00000|  0%| F|  |TAMS 0x0000000080c00000| PB 0x0000000080c00000| Untracked 
|  13|0x0000000080d00000, 0x0000000080d00000, 0x0000000080e00000|  0%| F|  |TAMS 0x0000000080d00000| PB 0x0000000080d00000| Untracked 
|  14|0x0000000080e00000, 0x0000000080e00000, 0x0000000080f00000|  0%| F|  |TAMS 0x0000000080e00000| PB 0x0000000080e00000| Untracked 
|  15|0x0000000080f00000, 0x0000000080f00000, 0x0000000081000000|  0%| F|  |TAMS 0x0000000080f00000| PB 0x0000000080f00000| Untracked 
|  16|0x0000000081000000, 0x0000000081000000, 0x0000000081100000|  0%| F|  |TAMS 0x0000000081000000| PB 0x0000000081000000| Untracked 
|  17|0x0000000081100000, 0x0000000081100000, 0x0000000081200000|  0%| F|  |TAMS 0x0000000081100000| PB 0x0000000081100000| Untracked 
|  18|0x0000000081200000, 0x0000000081200000, 0x0000000081300000|  0%| F|  |TAMS 0x0000000081200000| PB 0x0000000081200000| Untracked 
|  19|0x0000000081300000, 0x0000000081300000, 0x0000000081400000|  0%| F|  |TAMS 0x0000000081300000| PB 0x0000000081300000| Untracked 
|  20|0x0000000081400000, 0x0000000081400000, 0x0000000081500000|  0%| F|  |TAMS 0x0000000081400000| PB 0x0000000081400000| Untracked 
|  21|0x0000000081500000, 0x0000000081500000, 0x0000000081600000|  0%| F|  |TAMS 0x0000000081500000| PB 0x0000000081500000| Untracked 
|  22|0x0000000081600000, 0x0000000081600000, 0x0000000081700000|  0%| F|  |TAMS 0x0000000081600000| PB 0x0000000081600000| Untracked 
|  23|0x0000000081700000, 0x0000000081700000, 0x0000000081800000|  0%| F|  |TAMS 0x0000000081700000| PB 0x0000000081700000| Untracked 
|  24|0x0000000081800000, 0x0000000081800000, 0x0000000081900000|  0%| F|  |TAMS 0x0000000081800000| PB 0x0000000081800000| Untracked 
|  25|0x0000000081900000, 0x0000000081900000, 0x0000000081a00000|  0%| F|  |TAMS 0x0000000081900000| PB 0x0000000081900000| Untracked 
|  26|0x0000000081a00000, 0x0000000081a00000, 0x0000000081b00000|  0%| F|  |TAMS 0x0000000081a00000| PB 0x0000000081a00000| Untracked 
|  27|0x0000000081b00000, 0x0000000081b00000, 0x0000000081c00000|  0%| F|  |TAMS 0x0000000081b00000| PB 0x0000000081b00000| Untracked 
|  28|0x0000000081c00000, 0x0000000081c00000, 0x0000000081d00000|  0%| F|  |TAMS 0x0000000081c00000| PB 0x0000000081c00000| Untracked 
|  29|0x0000000081d00000, 0x0000000081d00000, 0x0000000081e00000|  0%| F|  |TAMS 0x0000000081d00000| PB 0x0000000081d00000| Untracked 
|  30|0x0000000081e00000, 0x0000000081e00000, 0x0000000081f00000|  0%| F|  |TAMS 0x0000000081e00000| PB 0x0000000081e00000| Untracked 
|  31|0x0000000081f00000, 0x0000000081f00000, 0x0000000082000000|  0%| F|  |TAMS 0x0000000081f00000| PB 0x0000000081f00000| Untracked 
|  32|0x0000000082000000, 0x0000000082000000, 0x0000000082100000|  0%| F|  |TAMS 0x0000000082000000| PB 0x0000000082000000| Untracked 
|  33|0x0000000082100000, 0x0000000082100000, 0x0000000082200000|  0%| F|  |TAMS 0x0000000082100000| PB 0x0000000082100000| Untracked 
|  34|0x0000000082200000, 0x0000000082200000, 0x0000000082300000|  0%| F|  |TAMS 0x0000000082200000| PB 0x0000000082200000| Untracked 
|  35|0x0000000082300000, 0x0000000082300000, 0x0000000082400000|  0%| F|  |TAMS 0x0000000082300000| PB 0x0000000082300000| Untracked 
|  36|0x0000000082400000, 0x0000000082400000, 0x0000000082500000|  0%| F|  |TAMS 0x0000000082400000| PB 0x0000000082400000| Untracked 
|  37|0x0000000082500000, 0x0000000082500000, 0x0000000082600000|  0%| F|  |TAMS 0x0000000082500000| PB 0x0000000082500000| Untracked 
|  38|0x0000000082600000, 0x0000000082600000, 0x0000000082700000|  0%| F|  |TAMS 0x0000000082600000| PB 0x0000000082600000| Untracked 
|  39|0x0000000082700000, 0x0000000082700000, 0x0000000082800000|  0%| F|  |TAMS 0x0000000082700000| PB 0x0000000082700000| Untracked 
|  40|0x0000000082800000, 0x0000000082800000, 0x0000000082900000|  0%| F|  |TAMS 0x0000000082800000| PB 0x0000000082800000| Untracked 
|  41|0x0000000082900000, 0x0000000082900000, 0x0000000082a00000|  0%| F|  |TAMS 0x0000000082900000| PB 0x0000000082900000| Untracked 
|  42|0x0000000082a00000, 0x0000000082a00000, 0x0000000082b00000|  0%| F|  |TAMS 0x0000000082a00000| PB 0x0000000082a00000| Untracked 
|  43|0x0000000082b00000, 0x0000000082b00000, 0x0000000082c00000|  0%| F|  |TAMS 0x0000000082b00000| PB 0x0000000082b00000| Untracked 
|  44|0x0000000082c00000, 0x0000000082c00000, 0x0000000082d00000|  0%| F|  |TAMS 0x0000000082c00000| PB 0x0000000082c00000| Untracked 
|  45|0x0000000082d00000, 0x0000000082d00000, 0x0000000082e00000|  0%| F|  |TAMS 0x0000000082d00000| PB 0x0000000082d00000| Untracked 
|  46|0x0000000082e00000, 0x0000000082e00000, 0x0000000082f00000|  0%| F|  |TAMS 0x0000000082e00000| PB 0x0000000082e00000| Untracked 
|  47|0x0000000082f00000, 0x0000000082f00000, 0x0000000083000000|  0%| F|  |TAMS 0x0000000082f00000| PB 0x0000000082f00000| Untracked 
|  48|0x0000000083000000, 0x0000000083000000, 0x0000000083100000|  0%| F|  |TAMS 0x0000000083000000| PB 0x0000000083000000| Untracked 
|  49|0x0000000083100000, 0x0000000083100000, 0x0000000083200000|  0%| F|  |TAMS 0x0000000083100000| PB 0x0000000083100000| Untracked 
|  50|0x0000000083200000, 0x0000000083200000, 0x0000000083300000|  0%| F|  |TAMS 0x0000000083200000| PB 0x0000000083200000| Untracked 
|  51|0x0000000083300000, 0x0000000083300000, 0x0000000083400000|  0%| F|  |TAMS 0x0000000083300000| PB 0x0000000083300000| Untracked 
|  52|0x0000000083400000, 0x0000000083400000, 0x0000000083500000|  0%| F|  |TAMS 0x0000000083400000| PB 0x0000000083400000| Untracked 
|  53|0x0000000083500000, 0x0000000083500000, 0x0000000083600000|  0%| F|  |TAMS 0x0000000083500000| PB 0x0000000083500000| Untracked 
|  54|0x0000000083600000, 0x0000000083600000, 0x0000000083700000|  0%| F|  |TAMS 0x0000000083600000| PB 0x0000000083600000| Untracked 
|  55|0x0000000083700000, 0x0000000083700000, 0x0000000083800000|  0%| F|  |TAMS 0x0000000083700000| PB 0x0000000083700000| Untracked 
|  56|0x0000000083800000, 0x0000000083800000, 0x0000000083900000|  0%| F|  |TAMS 0x0000000083800000| PB 0x0000000083800000| Untracked 
|  57|0x0000000083900000, 0x0000000083900000, 0x0000000083a00000|  0%| F|  |TAMS 0x0000000083900000| PB 0x0000000083900000| Untracked 
|  58|0x0000000083a00000, 0x0000000083a00000, 0x0000000083b00000|  0%| F|  |TAMS 0x0000000083a00000| PB 0x0000000083a00000| Untracked 
|  59|0x0000000083b00000, 0x0000000083b00000, 0x0000000083c00000|  0%| F|  |TAMS 0x0000000083b00000| PB 0x0000000083b00000| Untracked 
|  60|0x0000000083c00000, 0x0000000083c00000, 0x0000000083d00000|  0%| F|  |TAMS 0x0000000083c00000| PB 0x0000000083c00000| Untracked 
|  61|0x0000000083d00000, 0x0000000083d00000, 0x0000000083e00000|  0%| F|  |TAMS 0x0000000083d00000| PB 0x0000000083d00000| Untracked 
|  62|0x0000000083e00000, 0x0000000083e00000, 0x0000000083f00000|  0%| F|  |TAMS 0x0000000083e00000| PB 0x0000000083e00000| Untracked 
|  63|0x0000000083f00000, 0x0000000083f00000, 0x0000000084000000|  0%| F|  |TAMS 0x0000000083f00000| PB 0x0000000083f00000| Untracked 
|  64|0x0000000084000000, 0x0000000084000000, 0x0000000084100000|  0%| F|  |TAMS 0x0000000084000000| PB 0x0000000084000000| Untracked 
|  65|0x0000000084100000, 0x0000000084100000, 0x0000000084200000|  0%| F|  |TAMS 0x0000000084100000| PB 0x0000000084100000| Untracked 
|  66|0x0000000084200000, 0x0000000084200000, 0x0000000084300000|  0%| F|  |TAMS 0x0000000084200000| PB 0x0000000084200000| Untracked 
|  67|0x0000000084300000, 0x0000000084300000, 0x0000000084400000|  0%| F|  |TAMS 0x0000000084300000| PB 0x0000000084300000| Untracked 
|  68|0x0000000084400000, 0x0000000084400000, 0x0000000084500000|  0%| F|  |TAMS 0x0000000084400000| PB 0x0000000084400000| Untracked 
|  69|0x0000000084500000, 0x0000000084500000, 0x0000000084600000|  0%| F|  |TAMS 0x0000000084500000| PB 0x0000000084500000| Untracked 
|  70|0x0000000084600000, 0x0000000084600000, 0x0000000084700000|  0%| F|  |TAMS 0x0000000084600000| PB 0x0000000084600000| Untracked 
|  71|0x0000000084700000, 0x0000000084700000, 0x0000000084800000|  0%| F|  |TAMS 0x0000000084700000| PB 0x0000000084700000| Untracked 
|  72|0x0000000084800000, 0x0000000084800000, 0x0000000084900000|  0%| F|  |TAMS 0x0000000084800000| PB 0x0000000084800000| Untracked 
|  73|0x0000000084900000, 0x0000000084900000, 0x0000000084a00000|  0%| F|  |TAMS 0x0000000084900000| PB 0x0000000084900000| Untracked 
|  74|0x0000000084a00000, 0x0000000084a00000, 0x0000000084b00000|  0%| F|  |TAMS 0x0000000084a00000| PB 0x0000000084a00000| Untracked 
|  75|0x0000000084b00000, 0x0000000084b00000, 0x0000000084c00000|  0%| F|  |TAMS 0x0000000084b00000| PB 0x0000000084b00000| Untracked 
|  76|0x0000000084c00000, 0x0000000084c00000, 0x0000000084d00000|  0%| F|  |TAMS 0x0000000084c00000| PB 0x0000000084c00000| Untracked 
|  77|0x0000000084d00000, 0x0000000084d00000, 0x0000000084e00000|  0%| F|  |TAMS 0x0000000084d00000| PB 0x0000000084d00000| Untracked 
|  78|0x0000000084e00000, 0x0000000084e00000, 0x0000000084f00000|  0%| F|  |TAMS 0x0000000084e00000| PB 0x0000000084e00000| Untracked 
|  79|0x0000000084f00000, 0x0000000084f00000, 0x0000000085000000|  0%| F|  |TAMS 0x0000000084f00000| PB 0x0000000084f00000| Untracked 
|  80|0x0000000085000000, 0x0000000085000000, 0x0000000085100000|  0%| F|  |TAMS 0x0000000085000000| PB 0x0000000085000000| Untracked 
|  81|0x0000000085100000, 0x0000000085100000, 0x0000000085200000|  0%| F|  |TAMS 0x0000000085100000| PB 0x0000000085100000| Untracked 
|  82|0x0000000085200000, 0x0000000085200000, 0x0000000085300000|  0%| F|  |TAMS 0x0000000085200000| PB 0x0000000085200000| Untracked 
|  83|0x0000000085300000, 0x0000000085300000, 0x0000000085400000|  0%| F|  |TAMS 0x0000000085300000| PB 0x0000000085300000| Untracked 
|  84|0x0000000085400000, 0x0000000085400000, 0x0000000085500000|  0%| F|  |TAMS 0x0000000085400000| PB 0x0000000085400000| Untracked 
|  85|0x0000000085500000, 0x0000000085500000, 0x0000000085600000|  0%| F|  |TAMS 0x0000000085500000| PB 0x0000000085500000| Untracked 
|  86|0x0000000085600000, 0x0000000085600000, 0x0000000085700000|  0%| F|  |TAMS 0x0000000085600000| PB 0x0000000085600000| Untracked 
|  87|0x0000000085700000, 0x0000000085700000, 0x0000000085800000|  0%| F|  |TAMS 0x0000000085700000| PB 0x0000000085700000| Untracked 
|  88|0x0000000085800000, 0x0000000085800000, 0x0000000085900000|  0%| F|  |TAMS 0x0000000085800000| PB 0x0000000085800000| Untracked 
|  89|0x0000000085900000, 0x0000000085900000, 0x0000000085a00000|  0%| F|  |TAMS 0x0000000085900000| PB 0x0000000085900000| Untracked 
|  90|0x0000000085a00000, 0x0000000085a00000, 0x0000000085b00000|  0%| F|  |TAMS 0x0000000085a00000| PB 0x0000000085a00000| Untracked 
|  91|0x0000000085b00000, 0x0000000085b00000, 0x0000000085c00000|  0%| F|  |TAMS 0x0000000085b00000| PB 0x0000000085b00000| Untracked 
|  92|0x0000000085c00000, 0x0000000085c00000, 0x0000000085d00000|  0%| F|  |TAMS 0x0000000085c00000| PB 0x0000000085c00000| Untracked 
|  93|0x0000000085d00000, 0x0000000085d00000, 0x0000000085e00000|  0%| F|  |TAMS 0x0000000085d00000| PB 0x0000000085d00000| Untracked 
|  94|0x0000000085e00000, 0x0000000085e1a678, 0x0000000085f00000| 10%| S|CS|TAMS 0x0000000085e00000| PB 0x0000000085e00000| Complete 
|  95|0x0000000085f00000, 0x0000000086000000, 0x0000000086000000|100%| S|CS|TAMS 0x0000000085f00000| PB 0x0000000085f00000| Complete 
|  96|0x0000000086000000, 0x0000000086100000, 0x0000000086100000|100%| S|CS|TAMS 0x0000000086000000| PB 0x0000000086000000| Complete 
|  97|0x0000000086100000, 0x0000000086200000, 0x0000000086200000|100%| S|CS|TAMS 0x0000000086100000| PB 0x0000000086100000| Complete 
|  98|0x0000000086200000, 0x0000000086300000, 0x0000000086300000|100%| E|  |TAMS 0x0000000086200000| PB 0x0000000086200000| Complete 
|  99|0x0000000086300000, 0x0000000086400000, 0x0000000086400000|100%| E|CS|TAMS 0x0000000086300000| PB 0x0000000086300000| Complete 
| 100|0x0000000086400000, 0x0000000086500000, 0x0000000086500000|100%| E|CS|TAMS 0x0000000086400000| PB 0x0000000086400000| Complete 
| 101|0x0000000086500000, 0x0000000086600000, 0x0000000086600000|100%| E|CS|TAMS 0x0000000086500000| PB 0x0000000086500000| Complete 
| 102|0x0000000086600000, 0x0000000086700000, 0x0000000086700000|100%| E|CS|TAMS 0x0000000086600000| PB 0x0000000086600000| Complete 
| 103|0x0000000086700000, 0x0000000086800000, 0x0000000086800000|100%| E|CS|TAMS 0x0000000086700000| PB 0x0000000086700000| Complete 
| 104|0x0000000086800000, 0x0000000086900000, 0x0000000086900000|100%| E|CS|TAMS 0x0000000086800000| PB 0x0000000086800000| Complete 
| 105|0x0000000086900000, 0x0000000086a00000, 0x0000000086a00000|100%| E|CS|TAMS 0x0000000086900000| PB 0x0000000086900000| Complete 
| 106|0x0000000086a00000, 0x0000000086b00000, 0x0000000086b00000|100%| E|CS|TAMS 0x0000000086a00000| PB 0x0000000086a00000| Complete 
| 107|0x0000000086b00000, 0x0000000086c00000, 0x0000000086c00000|100%| E|CS|TAMS 0x0000000086b00000| PB 0x0000000086b00000| Complete 
| 108|0x0000000086c00000, 0x0000000086d00000, 0x0000000086d00000|100%| E|CS|TAMS 0x0000000086c00000| PB 0x0000000086c00000| Complete 
| 109|0x0000000086d00000, 0x0000000086e00000, 0x0000000086e00000|100%| E|CS|TAMS 0x0000000086d00000| PB 0x0000000086d00000| Complete 
| 110|0x0000000086e00000, 0x0000000086f00000, 0x0000000086f00000|100%| E|CS|TAMS 0x0000000086e00000| PB 0x0000000086e00000| Complete 
| 111|0x0000000086f00000, 0x0000000087000000, 0x0000000087000000|100%| E|CS|TAMS 0x0000000086f00000| PB 0x0000000086f00000| Complete 
| 112|0x0000000087000000, 0x0000000087100000, 0x0000000087100000|100%| E|CS|TAMS 0x0000000087000000| PB 0x0000000087000000| Complete 
| 113|0x0000000087100000, 0x0000000087200000, 0x0000000087200000|100%| E|CS|TAMS 0x0000000087100000| PB 0x0000000087100000| Complete 
| 114|0x0000000087200000, 0x0000000087300000, 0x0000000087300000|100%| E|CS|TAMS 0x0000000087200000| PB 0x0000000087200000| Complete 
| 115|0x0000000087300000, 0x0000000087400000, 0x0000000087400000|100%| E|CS|TAMS 0x0000000087300000| PB 0x0000000087300000| Complete 
| 116|0x0000000087400000, 0x0000000087500000, 0x0000000087500000|100%| E|CS|TAMS 0x0000000087400000| PB 0x0000000087400000| Complete 
| 117|0x0000000087500000, 0x0000000087600000, 0x0000000087600000|100%| E|CS|TAMS 0x0000000087500000| PB 0x0000000087500000| Complete 
| 118|0x0000000087600000, 0x0000000087700000, 0x0000000087700000|100%| E|CS|TAMS 0x0000000087600000| PB 0x0000000087600000| Complete 
| 119|0x0000000087700000, 0x0000000087800000, 0x0000000087800000|100%| E|CS|TAMS 0x0000000087700000| PB 0x0000000087700000| Complete 
| 120|0x0000000087800000, 0x0000000087900000, 0x0000000087900000|100%| E|CS|TAMS 0x0000000087800000| PB 0x0000000087800000| Complete 
| 121|0x0000000087900000, 0x0000000087a00000, 0x0000000087a00000|100%| E|CS|TAMS 0x0000000087900000| PB 0x0000000087900000| Complete 
| 122|0x0000000087a00000, 0x0000000087b00000, 0x0000000087b00000|100%| E|CS|TAMS 0x0000000087a00000| PB 0x0000000087a00000| Complete 
| 123|0x0000000087b00000, 0x0000000087c00000, 0x0000000087c00000|100%| E|CS|TAMS 0x0000000087b00000| PB 0x0000000087b00000| Complete 
| 124|0x0000000087c00000, 0x0000000087d00000, 0x0000000087d00000|100%| E|CS|TAMS 0x0000000087c00000| PB 0x0000000087c00000| Complete 
| 125|0x0000000087d00000, 0x0000000087e00000, 0x0000000087e00000|100%| E|CS|TAMS 0x0000000087d00000| PB 0x0000000087d00000| Complete 
| 126|0x0000000087e00000, 0x0000000087f00000, 0x0000000087f00000|100%| E|CS|TAMS 0x0000000087e00000| PB 0x0000000087e00000| Complete 
| 127|0x0000000087f00000, 0x0000000088000000, 0x0000000088000000|100%| E|CS|TAMS 0x0000000087f00000| PB 0x0000000087f00000| Complete 

Card table byte_map: [0x0000026221450000,0x0000026221850000] _byte_map_base: 0x0000026221050000

Marking Bits: (CMBitMap*) 0x000002620ddd6e30
 Bits: [0x0000026221850000, 0x0000026223850000)

Polling page: 0x000002620be50000

Metaspace:

Usage:
  Non-class:     16.04 MB used.
      Class:      1.94 MB used.
       Both:     17.98 MB used.

Virtual space:
  Non-class space:       64.00 MB reserved,      16.25 MB ( 25%) committed,  1 nodes.
      Class space:        1.00 GB reserved,       2.12 MB ( <1%) committed,  1 nodes.
             Both:        1.06 GB reserved,      18.38 MB (  2%) committed. 

Chunk freelists:
   Non-Class:  15.38 MB
       Class:  13.88 MB
        Both:  29.25 MB

MaxMetaspaceSize: unlimited
CompressedClassSpaceSize: 1.00 GB
Initial GC threshold: 21.00 MB
Current GC threshold: 21.00 MB
CDS: on
 - commit_granule_bytes: 65536.
 - commit_granule_words: 8192.
 - virtual_space_node_default_size: 8388608.
 - enlarge_chunks_in_place: 1.
 - use_allocation_guard: 0.


Internal statistics:

num_allocs_failed_limit: 0.
num_arena_births: 660.
num_arena_deaths: 0.
num_vsnodes_births: 2.
num_vsnodes_deaths: 0.
num_space_committed: 294.
num_space_uncommitted: 0.
num_chunks_returned_to_freelist: 0.
num_chunks_taken_from_freelist: 1193.
num_chunk_merges: 0.
num_chunk_splits: 696.
num_chunks_enlarged: 289.
num_inconsistent_stats: 0.

CodeHeap 'non-profiled nmethods': size=120000Kb used=1473Kb max_used=1473Kb free=118526Kb
 bounds [0x00000262197f0000, 0x0000026219a60000, 0x0000026220d20000]
CodeHeap 'profiled nmethods': size=120000Kb used=6134Kb max_used=6134Kb free=113865Kb
 bounds [0x0000026211d20000, 0x0000026212320000, 0x0000026219250000]
CodeHeap 'non-nmethods': size=5760Kb used=1727Kb max_used=1769Kb free=4032Kb
 bounds [0x0000026219250000, 0x00000262194c0000, 0x00000262197f0000]
 total_blobs=3779 nmethods=3168 adapters=515
 compilation: enabled
              stopped_count=0, restarted_count=0
 full_count=0

Compilation events (20 events):
Event: 487.550 Thread 0x00000262262a59d0 nmethod 3159 0x0000026212316210 code [0x0000026212316460, 0x00000262123170f8]
Event: 487.550 Thread 0x00000262262a59d0 3160       3       java.util.concurrent.ScheduledThreadPoolExecutor$ScheduledFutureTask::cancel (38 bytes)
Event: 487.551 Thread 0x00000262262a59d0 nmethod 3160 0x0000026212317490 code [0x0000026212317680, 0x0000026212317a80]
Event: 487.551 Thread 0x00000262262a59d0 3161   !   3       java.util.concurrent.FutureTask::cancel (88 bytes)
Event: 487.554 Thread 0x00000262262a59d0 nmethod 3161 0x0000026212317c10 code [0x0000026212317ea0, 0x0000026212318b48]
Event: 496.561 Thread 0x00000262262a59d0 3162       3       java.rmi.server.ObjID::write (19 bytes)
Event: 496.562 Thread 0x00000262262a59d0 nmethod 3162 0x0000026212319010 code [0x0000026212319200, 0x0000026212319760]
Event: 505.571 Thread 0x00000262262a59d0 3163       3       java.util.concurrent.ScheduledThreadPoolExecutor::schedule (56 bytes)
Event: 505.572 Thread 0x00000262262a59d0 nmethod 3163 0x0000026212319990 code [0x0000026212319be0, 0x000002621231a540]
Event: 505.572 Thread 0x00000262262a59d0 3164       3       java.util.concurrent.ScheduledThreadPoolExecutor$ScheduledFutureTask::<init> (34 bytes)
Event: 505.573 Thread 0x00000262262a59d0 nmethod 3164 0x000002621231a990 code [0x000002621231ab80, 0x000002621231b1e0]
Event: 514.584 Thread 0x00000262262a59d0 3165       3       sun.rmi.server.MarshalOutputStream::annotateProxyClass (6 bytes)
Event: 514.585 Thread 0x00000262262997c0 3168   !   4       java.io.BufferedOutputStream::flush (60 bytes)
Event: 514.585 Thread 0x00000262262a59d0 nmethod 3165 0x000002621231b410 code [0x000002621231b5e0, 0x000002621231b9e0]
Event: 514.585 Thread 0x00000262262a59d0 3166       3       java.rmi.server.RemoteObject::writeObject (72 bytes)
Event: 514.588 Thread 0x00000262262a59d0 nmethod 3166 0x000002621231bb90 code [0x000002621231be00, 0x000002621231c728]
Event: 514.588 Thread 0x00000262262a59d0 3167       3       sun.rmi.server.UnicastRef::writeExternal (10 bytes)
Event: 514.588 Thread 0x00000262262a59d0 nmethod 3167 0x000002621231cb10 code [0x000002621231ccc0, 0x000002621231ce20]
Event: 514.588 Thread 0x00000262262a59d0 3169       3       sun.rmi.transport.DGCAckHandler::received (22 bytes)
Event: 514.589 Thread 0x00000262262a59d0 nmethod 3169 0x000002621231cf10 code [0x000002621231d100, 0x000002621231d828]

GC Heap History (4 events):
Event: 5.618 GC heap before
{Heap before GC invocations=0 (full 0):
 garbage-first heap   total 131072K, used 26624K [0x0000000080000000, 0x0000000100000000)
  region size 1024K, 23 young (23552K), 0 survivors (0K)
 Metaspace       used 8435K, committed 8832K, reserved 1114112K
  class space    used 1029K, committed 1216K, reserved 1048576K
}
Event: 5.631 GC heap after
{Heap after GC invocations=1 (full 0):
 garbage-first heap   total 131072K, used 9760K [0x0000000080000000, 0x0000000100000000)
  region size 1024K, 3 young (3072K), 3 survivors (3072K)
 Metaspace       used 8435K, committed 8832K, reserved 1114112K
  class space    used 1029K, committed 1216K, reserved 1048576K
}
Event: 9.113 GC heap before
{Heap before GC invocations=1 (full 0):
 garbage-first heap   total 131072K, used 37408K [0x0000000080000000, 0x0000000100000000)
  region size 1024K, 30 young (30720K), 3 survivors (3072K)
 Metaspace       used 18004K, committed 18496K, reserved 1114112K
  class space    used 1980K, committed 2176K, reserved 1048576K
}
Event: 9.125 GC heap after
{Heap after GC invocations=2 (full 0):
 garbage-first heap   total 131072K, used 12986K [0x0000000080000000, 0x0000000100000000)
  region size 1024K, 4 young (4096K), 4 survivors (4096K)
 Metaspace       used 18004K, committed 18496K, reserved 1114112K
  class space    used 1980K, committed 2176K, reserved 1048576K
}

Dll operation events (2 events):
Event: 0.019 Loaded shared library C:\Program Files\JetBrains\IntelliJ IDEA 2024.3.7\jbr\bin\java.dll
Event: 0.090 Loaded shared library C:\Program Files\JetBrains\IntelliJ IDEA 2024.3.7\jbr\bin\zip.dll

Deoptimization events (20 events):
Event: 31.247 Thread 0x0000026226a5ebd0 DEOPT UNPACKING pc=0x00000262192a7da2 sp=0x000000add30fec58 mode 2
Event: 31.247 Thread 0x0000026226a5ff80 Uncommon trap: reason=unstable_if action=reinterpret pc=0x00000262198f3350 method=java.io.BufferedInputStream.implRead()I @ 23 c2
Event: 31.247 Thread 0x0000026226a5ff80 DEOPT PACKING pc=0x00000262198f3350 sp=0x000000add27fef00
Event: 31.247 Thread 0x0000026226a5ff80 DEOPT UNPACKING pc=0x00000262192a7da2 sp=0x000000add27fee48 mode 2
Event: 305.542 Thread 0x0000026226a5f8f0 Uncommon trap: trap_request=0xffffff45 fr.pc=0x000002621991b9a8 relative=0x0000000000000408
Event: 305.542 Thread 0x0000026226a5f8f0 Uncommon trap: reason=unstable_if action=reinterpret pc=0x000002621991b9a8 method=java.lang.ThreadLocal.get(Ljava/lang/Thread;)Ljava/lang/Object; @ 7 c2
Event: 305.542 Thread 0x0000026226a5f8f0 DEOPT PACKING pc=0x000002621991b9a8 sp=0x000000add1efed00
Event: 305.542 Thread 0x0000026226a5f8f0 DEOPT UNPACKING pc=0x00000262192a7da2 sp=0x000000add1efeb30 mode 2
Event: 305.542 Thread 0x0000026226a5f8f0 Uncommon trap: trap_request=0xffffff45 fr.pc=0x00000262198faea0 relative=0x0000000000000100
Event: 305.542 Thread 0x0000026226a5f8f0 Uncommon trap: reason=unstable_if action=reinterpret pc=0x00000262198faea0 method=java.lang.ThreadLocal$ThreadLocalMap.getEntry(Ljava/lang/ThreadLocal;)Ljava/lang/ThreadLocal$ThreadLocalMap$Entry; @ 21 c2
Event: 305.542 Thread 0x0000026226a5f8f0 DEOPT PACKING pc=0x00000262198faea0 sp=0x000000add1efe980
Event: 305.542 Thread 0x0000026226a5f8f0 DEOPT UNPACKING pc=0x00000262192a7da2 sp=0x000000add1efe910 mode 2
Event: 305.543 Thread 0x0000026226a5f8f0 Uncommon trap: trap_request=0xffffff45 fr.pc=0x000002621994ea50 relative=0x0000000000000970
Event: 305.543 Thread 0x0000026226a5f8f0 Uncommon trap: reason=unstable_if action=reinterpret pc=0x000002621994ea50 method=sun.nio.ch.Util$BufferCache.get(I)Ljava/nio/ByteBuffer; @ 47 c2
Event: 305.543 Thread 0x0000026226a5f8f0 DEOPT PACKING pc=0x000002621994ea50 sp=0x000000add1efeaf0
Event: 305.543 Thread 0x0000026226a5f8f0 DEOPT UNPACKING pc=0x00000262192a7da2 sp=0x000000add1efe9b8 mode 2
Event: 305.543 Thread 0x0000026226a5f8f0 Uncommon trap: trap_request=0xffffffde fr.pc=0x0000026219949acc relative=0x0000000000000bcc
Event: 305.543 Thread 0x0000026226a5f8f0 Uncommon trap: reason=class_check action=maybe_recompile pc=0x0000026219949acc method=java.io.ObjectOutputStream.writeArray(Ljava/lang/Object;Ljava/io/ObjectStreamClass;Z)V @ 379 c2
Event: 305.543 Thread 0x0000026226a5f8f0 DEOPT PACKING pc=0x0000026219949acc sp=0x000000add1eff180
Event: 305.543 Thread 0x0000026226a5f8f0 DEOPT UNPACKING pc=0x00000262192a7da2 sp=0x000000add1eff120 mode 2

Classes loaded (20 events):
Event: 6.781 Loading class java/util/concurrent/LinkedBlockingQueue$Node
Event: 6.781 Loading class java/util/concurrent/LinkedBlockingQueue$Node done
Event: 6.797 Loading class java/lang/AbstractMethodError
Event: 6.797 Loading class java/lang/AbstractMethodError done
Event: 6.814 Loading class java/lang/Short$ShortCache
Event: 6.814 Loading class java/lang/Short$ShortCache done
Event: 6.816 Loading class java/util/regex/Pattern$Behind
Event: 6.816 Loading class java/util/regex/Pattern$Behind done
Event: 6.816 Loading class java/util/regex/Pattern$Neg
Event: 6.817 Loading class java/util/regex/Pattern$Neg done
Event: 6.817 Loading class java/util/regex/Pattern$Pos
Event: 6.817 Loading class java/util/regex/Pattern$Pos done
Event: 10.282 Loading class java/io/ObjectOutputStream$PutFieldImpl
Event: 10.282 Loading class java/io/ObjectOutputStream$PutField
Event: 10.282 Loading class java/io/ObjectOutputStream$PutField done
Event: 10.282 Loading class java/io/ObjectOutputStream$PutFieldImpl done
Event: 14.288 Loading class java/lang/foreign/MemorySegment
Event: 14.289 Loading class java/lang/foreign/MemorySegment done
Event: 20.553 Loading class java/util/ArrayList$ListItr
Event: 20.553 Loading class java/util/ArrayList$ListItr done

Classes unloaded (0 events):
No events

Classes redefined (0 events):
No events

Internal exceptions (20 events):
Event: 6.555 Thread 0x0000026226a5e520 Exception <a 'java/lang/NoSuchMethodError'{0x0000000087181538}: 'java.lang.Object java.lang.invoke.DirectMethodHandle$Holder.invokeStatic(java.lang.Object, java.lang.Object, java.lang.Object, java.lang.Object, int)'> (0x0000000087181538) 
thrown [s\src\hotspot\share\interpreter\linkResolver.cpp, line 784]
Event: 6.590 Thread 0x0000026226a5e520 Exception <a 'java/lang/ClassNotFoundException'{0x00000000871f66b8}: sun/util/logging/resources/spi/loggingProvider> (0x00000000871f66b8) 
thrown [s\src\hotspot\share\classfile\systemDictionary.cpp, line 312]
Event: 6.610 Thread 0x0000026226a5e520 Exception <a 'java/lang/NoSuchMethodError'{0x0000000087073190}: 'void java.lang.invoke.DirectMethodHandle$Holder.invokeInterface(java.lang.Object, java.lang.Object, int)'> (0x0000000087073190) 
thrown [s\src\hotspot\share\interpreter\linkResolver.cpp, line 784]
Event: 6.612 Thread 0x0000026226a5e520 Exception <a 'java/lang/NoSuchMethodError'{0x0000000087077018}: 'void java.lang.invoke.DelegatingMethodHandle$Holder.reinvoke_L(java.lang.Object, java.lang.Object, int)'> (0x0000000087077018) 
thrown [s\src\hotspot\share\interpreter\linkResolver.cpp, line 784]
Event: 6.747 Thread 0x0000026226a5e520 Exception <a 'java/lang/NoSuchMethodError'{0x0000000086e7a420}: 'java.lang.Object java.lang.invoke.DirectMethodHandle$Holder.invokeInterface(java.lang.Object, java.lang.Object, int)'> (0x0000000086e7a420) 
thrown [s\src\hotspot\share\interpreter\linkResolver.cpp, line 784]
Event: 6.759 Thread 0x0000026226a5e520 Exception <a 'java/lang/NoSuchMethodError'{0x0000000086e92110}: 'void java.lang.invoke.DirectMethodHandle$Holder.invokeInterface(java.lang.Object, java.lang.Object)'> (0x0000000086e92110) 
thrown [s\src\hotspot\share\interpreter\linkResolver.cpp, line 784]
Event: 6.818 Thread 0x0000026226a5e520 Exception <a 'java/lang/NoSuchMethodError'{0x0000000086dc0ce8}: static Lcom/intellij/database/remote/jdba/core/ConnectionInfo;.<clinit>()V> (0x0000000086dc0ce8) 
thrown [s\src\hotspot\share\prims\jni.cpp, line 1135]
Event: 6.819 Thread 0x0000026226a5e520 Exception <a 'java/lang/NoSuchMethodError'{0x0000000086dcb858}: static Ljava/lang/Object;.<clinit>()V> (0x0000000086dcb858) 
thrown [s\src\hotspot\share\prims\jni.cpp, line 1135]
Event: 6.820 Thread 0x0000026226a5e520 Exception <a 'java/lang/NoSuchMethodError'{0x0000000086dcfe38}: static [I.<clinit>()V> (0x0000000086dcfe38) 
thrown [s\src\hotspot\share\prims\jni.cpp, line 1135]
Event: 6.846 Thread 0x0000026226a5e520 Exception <a 'java/lang/NoSuchMethodError'{0x0000000086df4828}: 'java.lang.Object java.lang.invoke.DirectMethodHandle$Holder.invokeInterface(java.lang.Object, java.lang.Object, java.lang.Object, java.lang.Object)'> (0x0000000086df4828) 
thrown [s\src\hotspot\share\interpreter\linkResolver.cpp, line 784]
Event: 6.915 Thread 0x0000026226a5e520 Exception <a 'java/lang/NoSuchMethodError'{0x0000000086cf5f88}: static Lcom/intellij/database/remote/jdba/core/ResultLayout;.<clinit>()V> (0x0000000086cf5f88) 
thrown [s\src\hotspot\share\prims\jni.cpp, line 1135]
Event: 6.916 Thread 0x0000026226a5e520 Exception <a 'java/lang/NoSuchMethodError'{0x0000000086b033c0}: static Lcom/intellij/database/remote/jdba/core/RowLayout;.<clinit>()V> (0x0000000086b033c0) 
thrown [s\src\hotspot\share\prims\jni.cpp, line 1135]
Event: 6.917 Thread 0x0000026226a5e520 Exception <a 'java/lang/NoSuchMethodError'{0x0000000086b0f168}: static Lcom/intellij/database/remote/jdba/util/NameAndClass;.<clinit>()V> (0x0000000086b0f168) 
thrown [s\src\hotspot\share\prims\jni.cpp, line 1135]
Event: 6.919 Thread 0x0000026226a5e520 Exception <a 'java/lang/NoSuchMethodError'{0x0000000086b172c0}: 'java.lang.Object java.lang.invoke.DirectMethodHandle$Holder.invokeInterface(java.lang.Object, java.lang.Object, int, java.lang.Object)'> (0x0000000086b172c0) 
thrown [s\src\hotspot\share\interpreter\linkResolver.cpp, line 784]
Event: 6.919 Thread 0x0000026226a5e520 Exception <a 'java/lang/NoSuchMethodError'{0x0000000086b1b460}: 'java.lang.Object java.lang.invoke.DirectMethodHandle$Holder.invokeSpecial(java.lang.Object, java.lang.Object, java.lang.Object, int, java.lang.Object)'> (0x0000000086b1b460) 
thrown [s\src\hotspot\share\interpreter\linkResolver.cpp, line 784]
Event: 6.945 Thread 0x0000026226a5e520 Exception <a 'java/lang/NoSuchMethodError'{0x0000000086b573d0}: static [Ljava/lang/Object;.<clinit>()V> (0x0000000086b573d0) 
thrown [s\src\hotspot\share\prims\jni.cpp, line 1135]
Event: 10.762 Thread 0x0000026226a5ebd0 Implicit null exception at 0x00000262198fc585 to 0x00000262198fc630
Event: 10.762 Thread 0x0000026226a5ebd0 Implicit null exception at 0x00000262198fa8f5 to 0x00000262198fa9b4
Event: 305.542 Thread 0x0000026226a5f8f0 Implicit null exception at 0x000002621991b5e2 to 0x000002621991b98c
Event: 305.542 Thread 0x0000026226a5f8f0 Implicit null exception at 0x00000262198fadfc to 0x00000262198fae88

ZGC Phase Switch (0 events):
No events

VM Operations (20 events):
Event: 37.570 Executing VM operation: Cleanup
Event: 37.570 Executing VM operation: Cleanup done
Event: 60.237 Executing VM operation: HandshakeAllThreads (HandshakeForDeflation)
Event: 60.237 Executing VM operation: HandshakeAllThreads (HandshakeForDeflation) done
Event: 60.237 Executing VM operation: RendezvousGCThreads
Event: 60.237 Executing VM operation: RendezvousGCThreads done
Event: 118.398 Executing VM operation: Cleanup
Event: 118.398 Executing VM operation: Cleanup done
Event: 120.399 Executing VM operation: Cleanup
Event: 120.399 Executing VM operation: Cleanup done
Event: 157.459 Executing VM operation: Cleanup
Event: 157.459 Executing VM operation: Cleanup done
Event: 289.527 Executing VM operation: Cleanup
Event: 289.527 Executing VM operation: Cleanup done
Event: 306.538 Executing VM operation: Cleanup
Event: 306.538 Executing VM operation: Cleanup done
Event: 379.602 Executing VM operation: Cleanup
Event: 379.602 Executing VM operation: Cleanup done
Event: 442.660 Executing VM operation: Cleanup
Event: 442.660 Executing VM operation: Cleanup done

Memory protections (0 events):
No events

Nmethod flushes (0 events):
No events

Events (20 events):
Event: 10.833 Thread 0x0000026226743820 Thread exited: 0x0000026226743820
Event: 10.833 Thread 0x000002626c776ef0 Thread exited: 0x000002626c776ef0
Event: 10.834 Thread 0x000002626c77a370 Thread exited: 0x000002626c77a370
Event: 10.834 Thread 0x000002626c77aa00 Thread exited: 0x000002626c77aa00
Event: 10.834 Thread 0x0000026226744540 Thread exited: 0x0000026226744540
Event: 10.834 Thread 0x000002626c774100 Thread exited: 0x000002626c774100
Event: 10.835 Thread 0x000002626c7782a0 Thread exited: 0x000002626c7782a0
Event: 10.835 Thread 0x000002626c77b090 Thread exited: 0x000002626c77b090
Event: 10.836 Thread 0x000002626c777580 Thread exited: 0x000002626c777580
Event: 10.836 Thread 0x0000026226742470 Thread exited: 0x0000026226742470
Event: 10.837 Thread 0x000002626c77b720 Thread exited: 0x000002626c77b720
Event: 10.837 Thread 0x0000026226743190 Thread exited: 0x0000026226743190
Event: 14.219 Thread 0x00000262262a59d0 Thread added: 0x000002626caf3a80
Event: 15.378 Thread 0x0000026226a60610 Thread exited: 0x0000026226a60610
Event: 15.699 Thread 0x0000026226a5e520 Thread added: 0x0000026226a5f260
Event: 15.701 Thread 0x0000026226a5f260 Thread exited: 0x0000026226a5f260
Event: 20.704 Thread 0x000002626caf3a80 Thread exited: 0x000002626caf3a80
Event: 91.235 Thread 0x0000026226bfbd50 Thread exited: 0x0000026226bfbd50
Event: 91.248 Thread 0x0000026226a5ebd0 Thread exited: 0x0000026226a5ebd0
Event: 91.248 Thread 0x0000026226a5ff80 Thread exited: 0x0000026226a5ff80


Dynamic libraries:
0x00007ff6e7700000 - 0x00007ff6e770a000 	C:\Program Files\JetBrains\IntelliJ IDEA 2024.3.7\jbr\bin\java.exe
0x00007ffcc5220000 - 0x00007ffcc5487000 	C:\WINDOWS\SYSTEM32\ntdll.dll
0x00007ffcc4540000 - 0x00007ffcc4609000 	C:\WINDOWS\System32\KERNEL32.DLL
0x00007ffcc1da0000 - 0x00007ffcc2197000 	C:\WINDOWS\System32\KERNELBASE.dll
0x00007ffcc1c50000 - 0x00007ffcc1d9b000 	C:\WINDOWS\System32\ucrtbase.dll
0x00007ffcac3f0000 - 0x00007ffcac40b000 	C:\Program Files\JetBrains\IntelliJ IDEA 2024.3.7\jbr\bin\VCRUNTIME140.dll
0x00007ffcaeef0000 - 0x00007ffcaef08000 	C:\Program Files\JetBrains\IntelliJ IDEA 2024.3.7\jbr\bin\jli.dll
0x00007ffcc3c00000 - 0x00007ffcc3dc6000 	C:\WINDOWS\System32\USER32.dll
0x00007ffcc2ec0000 - 0x00007ffcc2ee7000 	C:\WINDOWS\System32\win32u.dll
0x00007ffcc4e20000 - 0x00007ffcc4e4b000 	C:\WINDOWS\System32\GDI32.dll
0x00007ffcc2260000 - 0x00007ffcc238c000 	C:\WINDOWS\System32\gdi32full.dll
0x00007ffcc2390000 - 0x00007ffcc2433000 	C:\WINDOWS\System32\msvcp_win.dll
0x00007ffc9eb20000 - 0x00007ffc9edb2000 	C:\WINDOWS\WinSxS\amd64_microsoft.windows.common-controls_6595b64144ccf1df_6.0.26100.8457_none_3e0b2faee331e92d\COMCTL32.dll
0x00007ffcc3b50000 - 0x00007ffcc3bf9000 	C:\WINDOWS\System32\msvcrt.dll
0x00007ffcc5070000 - 0x00007ffcc50a2000 	C:\WINDOWS\System32\IMM32.DLL
0x00007ffcaebe0000 - 0x00007ffcaebec000 	C:\Program Files\JetBrains\IntelliJ IDEA 2024.3.7\jbr\bin\vcruntime140_1.dll
0x00007ffca6bf0000 - 0x00007ffca6c7d000 	C:\Program Files\JetBrains\IntelliJ IDEA 2024.3.7\jbr\bin\msvcp140.dll
0x00007ffc1a040000 - 0x00007ffc1ae01000 	C:\Program Files\JetBrains\IntelliJ IDEA 2024.3.7\jbr\bin\server\jvm.dll
0x00007ffcc50b0000 - 0x00007ffcc5166000 	C:\WINDOWS\System32\ADVAPI32.dll
0x00007ffcc4f40000 - 0x00007ffcc4fe7000 	C:\WINDOWS\System32\sechost.dll
0x00007ffcc3030000 - 0x00007ffcc3148000 	C:\WINDOWS\System32\RPCRT4.dll
0x00007ffcc2fa0000 - 0x00007ffcc3020000 	C:\WINDOWS\System32\WS2_32.dll
0x00007ffcc1ad0000 - 0x00007ffcc1b2e000 	C:\WINDOWS\SYSTEM32\POWRPROF.dll
0x00007ffcb8bc0000 - 0x00007ffcb8bcb000 	C:\WINDOWS\SYSTEM32\VERSION.dll
0x00007ffcb7a60000 - 0x00007ffcb7a96000 	C:\WINDOWS\SYSTEM32\WINMM.dll
0x00007ffcc1ab0000 - 0x00007ffcc1ac4000 	C:\WINDOWS\SYSTEM32\UMPDC.dll
0x00007ffcc09a0000 - 0x00007ffcc09bb000 	C:\WINDOWS\SYSTEM32\kernel.appcore.dll
0x00007ffcac3e0000 - 0x00007ffcac3ea000 	C:\Program Files\JetBrains\IntelliJ IDEA 2024.3.7\jbr\bin\jimage.dll
0x00007ffcbfae0000 - 0x00007ffcbfd22000 	C:\WINDOWS\SYSTEM32\DBGHELP.DLL
0x00007ffcc4a30000 - 0x00007ffcc4db3000 	C:\WINDOWS\System32\combase.dll
0x00007ffcc4e60000 - 0x00007ffcc4f39000 	C:\WINDOWS\System32\OLEAUT32.dll
0x00007ffc914b0000 - 0x00007ffc914eb000 	C:\WINDOWS\SYSTEM32\dbgcore.DLL
0x00007ffcc2ef0000 - 0x00007ffcc2f98000 	C:\WINDOWS\System32\bcryptPrimitives.dll
0x00007ffcac3c0000 - 0x00007ffcac3e0000 	C:\Program Files\JetBrains\IntelliJ IDEA 2024.3.7\jbr\bin\java.dll
0x00007ffcc3310000 - 0x00007ffcc3a7e000 	C:\WINDOWS\System32\SHELL32.dll
0x00007ffcc24d0000 - 0x00007ffcc2d3c000 	C:\WINDOWS\System32\windows.storage.dll
0x00007ffcc4870000 - 0x00007ffcc4966000 	C:\WINDOWS\System32\SHCORE.dll
0x00007ffcc5170000 - 0x00007ffcc51d6000 	C:\WINDOWS\System32\shlwapi.dll
0x00007ffcc1b70000 - 0x00007ffcc1b99000 	C:\WINDOWS\SYSTEM32\profapi.dll
0x00007ffcac3a0000 - 0x00007ffcac3b8000 	C:\Program Files\JetBrains\IntelliJ IDEA 2024.3.7\jbr\bin\zip.dll
0x00007ffcac230000 - 0x00007ffcac240000 	C:\Program Files\JetBrains\IntelliJ IDEA 2024.3.7\jbr\bin\net.dll
0x00007ffcb8bd0000 - 0x00007ffcb8cf9000 	C:\WINDOWS\SYSTEM32\WINHTTP.dll
0x00007ffcc0ef0000 - 0x00007ffcc0f5c000 	C:\WINDOWS\system32\mswsock.dll
0x00007ffcabea0000 - 0x00007ffcabeb6000 	C:\Program Files\JetBrains\IntelliJ IDEA 2024.3.7\jbr\bin\nio.dll
0x00007ffcaa630000 - 0x00007ffcaa639000 	C:\Program Files\JetBrains\IntelliJ IDEA 2024.3.7\jbr\bin\extnet.dll
0x00007ffcc0390000 - 0x00007ffcc03c2000 	C:\WINDOWS\SYSTEM32\IPHLPAPI.DLL
0x00007ffcc4970000 - 0x00007ffcc497a000 	C:\WINDOWS\System32\NSI.dll
0x00007ffcc12f0000 - 0x00007ffcc130b000 	C:\WINDOWS\SYSTEM32\CRYPTSP.dll
0x00007ffcc0900000 - 0x00007ffcc0939000 	C:\WINDOWS\system32\rsaenh.dll
0x00007ffcc0fa0000 - 0x00007ffcc0fd3000 	C:\WINDOWS\SYSTEM32\USERENV.dll
0x00007ffcc1b40000 - 0x00007ffcc1b6a000 	C:\WINDOWS\SYSTEM32\bcrypt.dll
0x00007ffcc1150000 - 0x00007ffcc115c000 	C:\WINDOWS\SYSTEM32\CRYPTBASE.dll
0x00007ffcaed70000 - 0x00007ffcaed77000 	C:\Program Files\JetBrains\IntelliJ IDEA 2024.3.7\jbr\bin\rmi.dll
0x00007ffc7dcf0000 - 0x00007ffc7dd08000 	C:\WINDOWS\system32\napinsp.dll
0x00007ffcc0420000 - 0x00007ffcc0552000 	C:\WINDOWS\SYSTEM32\DNSAPI.dll
0x00007ffc7dc70000 - 0x00007ffc7dc83000 	C:\WINDOWS\System32\winrnr.dll
0x00007ffc7dc40000 - 0x00007ffc7dc62000 	C:\WINDOWS\system32\nlansp_c.dll
0x00007ffcb7a20000 - 0x00007ffcb7a36000 	C:\WINDOWS\system32\wshbth.dll
0x00007ffcb79b0000 - 0x00007ffcb79bb000 	C:\Windows\System32\rasadhlp.dll
0x00007ffcba0a0000 - 0x00007ffcba126000 	C:\WINDOWS\System32\fwpuclnt.dll
0x00007ffcab9c0000 - 0x00007ffcab9ce000 	C:\Program Files\JetBrains\IntelliJ IDEA 2024.3.7\jbr\bin\sunmscapi.dll
0x00007ffcc2d40000 - 0x00007ffcc2eb8000 	C:\WINDOWS\System32\CRYPT32.dll
0x00007ffcc1450000 - 0x00007ffcc1480000 	C:\WINDOWS\SYSTEM32\ncrypt.dll
0x00007ffcc1400000 - 0x00007ffcc143f000 	C:\WINDOWS\SYSTEM32\NTASN1.dll

dbghelp: loaded successfully - version: 4.0.5 - missing functions: none
symbol engine: initialized successfully - sym options: 0x614 - pdb path: .;C:\Program Files\JetBrains\IntelliJ IDEA 2024.3.7\jbr\bin;C:\WINDOWS\SYSTEM32;C:\WINDOWS\WinSxS\amd64_microsoft.windows.common-controls_6595b64144ccf1df_6.0.26100.8457_none_3e0b2faee331e92d;C:\Program Files\JetBrains\IntelliJ IDEA 2024.3.7\jbr\bin\server

VM Arguments:
jvm_args: -Djava.rmi.server.hostname=127.0.0.1 -Duser.timezone=UTC -Djava.library.path=C:\Users\Admin\AppData\Roaming\JetBrains\IntelliJIdea2024.3\jdbc-drivers\SQL Server\13.2.1\com\microsoft\sqlserver\mssql-jdbc_auth\13.2.1.x86;C:\Users\Admin\AppData\Roaming\JetBrains\IntelliJIdea2024.3\jdbc-drivers\SQL Server\13.2.1\com\microsoft\sqlserver\mssql-jdbc_auth\13.2.1.x64 -Xmx2048m -Xms128m -Djdbc.classpath=C:\Users\Admin\AppData\Local\Temp\RemoteDriver.classpath.txt --add-exports=java.desktop/sun.awt=ALL-UNNAMED --add-exports=java.desktop/java.awt.peer=ALL-UNNAMED --add-opens=java.desktop/java.awt=ALL-UNNAMED --add-opens=jdk.unsupported/sun.misc=ALL-UNNAMED --add-opens=java.base/java.nio=ALL-UNNAMED --add-opens=java.base/java.util=ALL-UNNAMED -Dfile.encoding=UTF-8 -Dsun.stdout.encoding=UTF-8 -Dsun.stderr.encoding=UTF-8 
java_command: com.intellij.database.remote.RemoteJdbcServer com.microsoft.sqlserver.jdbc.SQLServerDriver
java_class_path (initial): C:\Program Files\JetBrains\IntelliJ IDEA 2024.3.7\lib\util_rt.jar;C:\Program Files\JetBrains\IntelliJ IDEA 2024.3.7\lib\util-8.jar;C:\Program Files\JetBrains\IntelliJ IDEA 2024.3.7\lib\groovy.jar;C:\Program Files\JetBrains\IntelliJ IDEA 2024.3.7\plugins\DatabaseTools\lib\jdbc-console.jar;C:\Program Files\JetBrains\IntelliJ IDEA 2024.3.7\plugins\grid-core-impl\lib\jdbc-console-types.jar;C:\Program Files\JetBrains\IntelliJ IDEA 2024.3.7\lib\util.jar;C:\Program Files\JetBrains\IntelliJ IDEA 2024.3.7\lib\bouncy-castle.jar
Launcher Type: SUN_STANDARD

[Global flags]
     intx CICompilerCount                          = 4                                         {product} {ergonomic}
     uint ConcGCThreads                            = 2                                         {product} {ergonomic}
     uint G1ConcRefinementThreads                  = 8                                         {product} {ergonomic}
   size_t G1HeapRegionSize                         = 1048576                                   {product} {ergonomic}
    uintx GCDrainStackTargetSize                   = 64                                        {product} {ergonomic}
   size_t InitialHeapSize                          = 134217728                                 {product} {command line}
   size_t MarkStackSize                            = 4194304                                   {product} {ergonomic}
   size_t MaxHeapSize                              = 2147483648                                {product} {command line}
   size_t MaxNewSize                               = 1287651328                                {product} {ergonomic}
   size_t MinHeapDeltaBytes                        = 1048576                                   {product} {ergonomic}
   size_t MinHeapSize                              = 134217728                                 {product} {command line}
    uintx NonNMethodCodeHeapSize                   = 5839372                                {pd product} {ergonomic}
    uintx NonProfiledCodeHeapSize                  = 122909434                              {pd product} {ergonomic}
    uintx ProfiledCodeHeapSize                     = 122909434                              {pd product} {ergonomic}
    uintx ReservedCodeCacheSize                    = 251658240                              {pd product} {ergonomic}
     bool SegmentedCodeCache                       = true                                      {product} {ergonomic}
   size_t SoftMaxHeapSize                          = 2147483648                             {manageable} {ergonomic}
     bool UseCompressedOops                        = true                           {product lp64_product} {ergonomic}
     bool UseG1GC                                  = true                                      {product} {ergonomic}
     bool UseLargePagesIndividualAllocation        = false                                  {pd product} {ergonomic}

Logging:
Log output configuration:
 #0: stdout all=warning uptime,level,tags foldmultilines=false
 #1: stderr all=off uptime,level,tags foldmultilines=false

Environment Variables:
JAVA_HOME=D:\JAVA\jdk-21.0.6
PATH=C:\WINDOWS\system32;C:\WINDOWS;C:\WINDOWS\System32\Wbem;C:\WINDOWS\System32\WindowsPowerShell\v1.0\;C:\WINDOWS\System32\OpenSSH\;C:\Program Files\Git\cmd;C:\Program Files\Docker\Docker\resources\bin;C:\Program Files (x86)\Microsoft SQL Server\160\Tools\Binn\;C:\Program Files\Microsoft SQL Server\160\Tools\Binn\;C:\Program Files\Microsoft SQL Server\Client SDK\ODBC\170\Tools\Binn\;C:\Program Files\Microsoft SQL Server\160\DTS\Binn\;C:\Program Files\nodejs\;C:\apache-maven-3.9.9\bin;D:\JAVA\jdk-21.0.6\bin;C:\Program Files\Microsoft SQL Server\150\Tools\Binn\;C:\Program Files\dotnet\;C:\Program Files (x86)\Windows Kits\10\Windows Performance Toolkit\;D:\Ubnity\ffmpeg-7.1.1-essentials_build\bin;C:\Program Files\MongoDB\Server\8.2\bin;C:\Program Files\dotnet;D:\PRM393\flutter\bin;C:\Users\Admin\.cargo\bin;C:\Users\Admin\AppData\Local\Programs\Python\Python313\Scripts\;C:\Users\Admin\AppData\Local\Programs\Python\Python313\;C:\Users\Admin\AppData\Local\Microsoft\WindowsApps;C:\Users\Admin\.lmstudio\bin;C:\Users\Admin\AppData\Roaming\npm;C:\Users\Admin\.dotnet\tools;C:\Users\Admin\AppData\Local\Programs\Microsoft VS Code\bin;C:\Users\Admin\AppData\Local\Microsoft\WindowsApps;C:\Program Files\mongosh\;C:\Users\Admin\AppData\Local\Programs\Microsoft VS Code Insiders\bin;C:\Users\Admin\AppData\Local\Programs\Antigravity\bin;C:\Users\Admin\AppData\Local\Programs\Kiro\bin;C:\Users\Admin\AppData\Roaming\JetBrains\IntelliJIdea2024.3\jdbc-drivers\SQL Server\13.2.1\com\microsoft\sqlserver\mssql-jdbc_auth\13.2.1.x86;C:\Users\Admin\AppData\Roaming\JetBrains\IntelliJIdea2024.3\jdbc-drivers\SQL Server\13.2.1\com\microsoft\sqlserver\mssql-jdbc_auth\13.2.1.x64
USERNAME=Admin
OS=Windows_NT
PROCESSOR_IDENTIFIER=Intel64 Family 6 Model 140 Stepping 1, GenuineIntel
TMP=C:\Users\Admin\AppData\Local\Temp
TEMP=C:\Users\Admin\AppData\Local\Temp




Periodic native trim disabled

JNI global refs:
JNI global refs: 17, weak refs: 0

JNI global refs memory usage: 835, weak refs: 201

Process memory usage:
Resident Set Size: 85792K (1% of 8125220K total physical memory with 751660K free physical memory)

OOME stack traces (most recent first):
Classloader memory used:
Loader bootstrap                                                                       : 11667K
Loader jdk.internal.loader.ClassLoaders$AppClassLoader                                 : 3368K
Loader com.intellij.database.remote.jdbc.impl.JdbcClassLoader$JdbcClassLoaderImpl      : 2491K
Loader jdk.internal.loader.ClassLoaders$PlatformClassLoader                            : 712K
Loader jdk.internal.reflect.DelegatingClassLoader                                      : 165K
Loader com.intellij.database.remote.jdbc.impl.JdbcClassLoader$1                        : 7400B

---------------  S Y S T E M  ---------------

OS:
 Windows 11 , 64 bit Build 26100 (10.0.26100.8328)
OS uptime: 0 days 19:51 hours
Hyper-V role detected

CPU: total 8 (initial active 8) (4 cores per cpu, 2 threads per core) family 6 model 140 stepping 1 microcode 0xbe, cx8, cmov, fxsr, ht, mmx, 3dnowpref, sse, sse2, sse3, ssse3, sse4.1, sse4.2, popcnt, lzcnt, tsc, tscinvbit, avx, avx2, aes, erms, clmul, bmi1, bmi2, adx, avx512f, avx512dq, avx512cd, avx512bw, avx512vl, sha, fma, vzeroupper, avx512_vpopcntdq, avx512_vpclmulqdq, avx512_vaes, avx512_vnni, clflush, clflushopt, clwb, avx512_vbmi2, avx512_vbmi, hv, rdtscp, rdpid, fsrm, gfni, avx512_bitalg, f16c, cet_ibt, cet_ss, avx512_ifma
Processor Information for processor 0
  Max Mhz: 2419, Current Mhz: 1007, Mhz Limit: 2419
Processor Information for processor 1
  Max Mhz: 2419, Current Mhz: 2419, Mhz Limit: 2419
Processor Information for processor 2
  Max Mhz: 2419, Current Mhz: 2419, Mhz Limit: 2419
Processor Information for processor 3
  Max Mhz: 2419, Current Mhz: 2419, Mhz Limit: 2419
Processor Information for processor 4
  Max Mhz: 2419, Current Mhz: 2419, Mhz Limit: 2419
Processor Information for processor 5
  Max Mhz: 2419, Current Mhz: 2419, Mhz Limit: 2419
Processor Information for processor 6
  Max Mhz: 2419, Current Mhz: 2419, Mhz Limit: 2419
Processor Information for processor 7
  Max Mhz: 2419, Current Mhz: 2419, Mhz Limit: 2419

Memory: 4k page, system-wide physical 7934M (732M free)
TotalPageFile size 9982M (AvailPageFile size 2M)
current process WorkingSet (physical memory assigned to process): 86M, peak: 141M
current process commit charge ("private bytes"): 244M, peak: 265M

vm_info: OpenJDK 64-Bit Server VM (21.0.7+9-b631.52) for windows-amd64 JRE (21.0.7+9-b631.52), built on 2025-04-30 by "builduser" with MS VC++ 16.10 / 16.11 (VS2019)

END.
